e:\dxtk\dxtk\dxtk\x64\debug\dxtk.pch
e:\dxtk\dxtk\dxtk\x64\debug\vc140.pdb
e:\dxtk\dxtk\dxtk\x64\debug\vc140.idb
e:\dxtk\dxtk\dxtk\x64\debug\pch.obj
e:\dxtk\dxtk\dxtk\x64\debug\camera.obj
e:\dxtk\dxtk\dxtk\x64\debug\gameobject.obj
e:\dxtk\dxtk\dxtk\x64\debug\game.obj
e:\dxtk\dxtk\dxtk\x64\debug\main.obj
e:\dxtk\dxtk\dxtk\x64\debug\sprite.obj
e:\dxtk\dxtk\dxtk\x64\debug\tile.obj
e:\dxtk\dxtk\dxtk\x64\debug\tilemanager.obj
e:\dxtk\dxtk\x64\debug\dxtk.lib
e:\dxtk\dxtk\x64\debug\dxtk.exp
e:\dxtk\dxtk\dxtk\x64\debug\resource.res
e:\dxtk\dxtk\dxtk\x64\debug\dxtk.exe.embed.manifest.res
e:\dxtk\dxtk\dxtk\x64\debug\dxtk.exe.embed.manifest
e:\dxtk\dxtk\dxtk\x64\debug\dxtk_manifest.rc
e:\dxtk\dxtk\x64\debug\dxtk.pdb
e:\dxtk\dxtk\dxtk\x64\debug\dxtk.tlog\cl.command.1.tlog
e:\dxtk\dxtk\dxtk\x64\debug\dxtk.tlog\cl.read.1.tlog
e:\dxtk\dxtk\dxtk\x64\debug\dxtk.tlog\cl.write.1.tlog
e:\dxtk\dxtk\dxtk\x64\debug\dxtk.tlog\dxtk.write.1u.tlog
e:\dxtk\dxtk\dxtk\x64\debug\dxtk.tlog\link.command.1.tlog
e:\dxtk\dxtk\dxtk\x64\debug\dxtk.tlog\link.read.1.tlog
e:\dxtk\dxtk\dxtk\x64\debug\dxtk.tlog\link.write.1.tlog
e:\dxtk\dxtk\dxtk\x64\debug\dxtk.tlog\rc.command.1.tlog
e:\dxtk\dxtk\dxtk\x64\debug\dxtk.tlog\rc.read.1.tlog
e:\dxtk\dxtk\dxtk\x64\debug\dxtk.tlog\rc.write.1.tlog
